{"message":"Failed at /me","stack":"Error: Failed at /me\n    at router.get (C:\\Users\\alexn\\Projects\\CodeWithMosh\\express-demo\\routes\\users.js:10:11)\n    at newFn (C:\\Users\\alexn\\Projects\\CodeWithMosh\\express-demo\\node_modules\\express-async-errors\\index.js:16:20)\n    at Layer.handle [as handle_request] (C:\\Users\\alexn\\Projects\\CodeWithMosh\\express-demo\\node_modules\\express\\lib\\router\\layer.js:95:5)\n    at next (C:\\Users\\alexn\\Projects\\CodeWithMosh\\express-demo\\node_modules\\express\\lib\\router\\route.js:137:13)\n    at Route.dispatch (C:\\Users\\alexn\\Projects\\CodeWithMosh\\express-demo\\node_modules\\express\\lib\\router\\route.js:112:3)\n    at newFn (C:\\Users\\alexn\\Projects\\CodeWithMosh\\express-demo\\node_modules\\express-async-errors\\index.js:16:20)\n    at Layer.handle [as handle_request] (C:\\Users\\alexn\\Projects\\CodeWithMosh\\express-demo\\node_modules\\express\\lib\\router\\layer.js:95:5)\n    at C:\\Users\\alexn\\Projects\\CodeWithMosh\\express-demo\\node_modules\\express\\lib\\router\\index.js:281:22\n    at Function.process_params (C:\\Users\\alexn\\Projects\\CodeWithMosh\\express-demo\\node_modules\\express\\lib\\router\\index.js:335:12)\n    at next (C:\\Users\\alexn\\Projects\\CodeWithMosh\\express-demo\\node_modules\\express\\lib\\router\\index.js:275:10)\n    at Function.handle (C:\\Users\\alexn\\Projects\\CodeWithMosh\\express-demo\\node_modules\\express\\lib\\router\\index.js:174:3)\n    at router (C:\\Users\\alexn\\Projects\\CodeWithMosh\\express-demo\\node_modules\\express\\lib\\router\\index.js:47:12)\n    at newFn (C:\\Users\\alexn\\Projects\\CodeWithMosh\\express-demo\\node_modules\\express-async-errors\\index.js:16:20)\n    at Layer.handle [as handle_request] (C:\\Users\\alexn\\Projects\\CodeWithMosh\\express-demo\\node_modules\\express\\lib\\router\\layer.js:95:5)\n    at trim_prefix (C:\\Users\\alexn\\Projects\\CodeWithMosh\\express-demo\\node_modules\\express\\lib\\router\\index.js:317:13)\n    at C:\\Users\\alexn\\Projects\\CodeWithMosh\\express-demo\\node_modules\\express\\lib\\router\\index.js:284:7","level":"error","timestamp":"2019-02-14T20:59:23.659Z"}
{"message":"Failed at /me","stack":"Error: Failed at /me\n    at router.get (C:\\Users\\alexn\\Projects\\CodeWithMosh\\express-demo\\routes\\users.js:10:11)\n    at newFn (C:\\Users\\alexn\\Projects\\CodeWithMosh\\express-demo\\node_modules\\express-async-errors\\index.js:16:20)\n    at Layer.handle [as handle_request] (C:\\Users\\alexn\\Projects\\CodeWithMosh\\express-demo\\node_modules\\express\\lib\\router\\layer.js:95:5)\n    at next (C:\\Users\\alexn\\Projects\\CodeWithMosh\\express-demo\\node_modules\\express\\lib\\router\\route.js:137:13)\n    at Route.dispatch (C:\\Users\\alexn\\Projects\\CodeWithMosh\\express-demo\\node_modules\\express\\lib\\router\\route.js:112:3)\n    at newFn (C:\\Users\\alexn\\Projects\\CodeWithMosh\\express-demo\\node_modules\\express-async-errors\\index.js:16:20)\n    at Layer.handle [as handle_request] (C:\\Users\\alexn\\Projects\\CodeWithMosh\\express-demo\\node_modules\\express\\lib\\router\\layer.js:95:5)\n    at C:\\Users\\alexn\\Projects\\CodeWithMosh\\express-demo\\node_modules\\express\\lib\\router\\index.js:281:22\n    at Function.process_params (C:\\Users\\alexn\\Projects\\CodeWithMosh\\express-demo\\node_modules\\express\\lib\\router\\index.js:335:12)\n    at next (C:\\Users\\alexn\\Projects\\CodeWithMosh\\express-demo\\node_modules\\express\\lib\\router\\index.js:275:10)\n    at Function.handle (C:\\Users\\alexn\\Projects\\CodeWithMosh\\express-demo\\node_modules\\express\\lib\\router\\index.js:174:3)\n    at router (C:\\Users\\alexn\\Projects\\CodeWithMosh\\express-demo\\node_modules\\express\\lib\\router\\index.js:47:12)\n    at newFn (C:\\Users\\alexn\\Projects\\CodeWithMosh\\express-demo\\node_modules\\express-async-errors\\index.js:16:20)\n    at Layer.handle [as handle_request] (C:\\Users\\alexn\\Projects\\CodeWithMosh\\express-demo\\node_modules\\express\\lib\\router\\layer.js:95:5)\n    at trim_prefix (C:\\Users\\alexn\\Projects\\CodeWithMosh\\express-demo\\node_modules\\express\\lib\\router\\index.js:317:13)\n    at C:\\Users\\alexn\\Projects\\CodeWithMosh\\express-demo\\node_modules\\express\\lib\\router\\index.js:284:7","level":"error","timestamp":"2019-02-14T21:04:04.982Z"}
{"level":"info","message":"Morgan enabled...","timestamp":"2019-02-15T00:29:53.278Z"}
{"level":"info","message":"Listening to port 3000","timestamp":"2019-02-15T00:29:56.684Z"}
{"level":"info","message":"Connected to MongoDB...","timestamp":"2019-02-15T00:29:57.752Z"}
{"message":"Morgan enabled...","level":"info"}
{"message":"Listening to port 3000","level":"info"}
{"message":"Connected to MongoDB...","level":"info"}
{"message":"Morgan enabled...","level":"info"}
{"message":"Listening to port 3000","level":"info"}
{"message":"Connected to MongoDB...","level":"info"}
{"message":"Morgan enabled...","level":"info"}
{"message":"Listening to port 3000","level":"info"}
{"message":"Connected to MongoDB...","level":"info"}
{"message":"Morgan enabled...","level":"info"}
{"message":"Listening to port 3000","level":"info"}
{"message":"Connected to MongoDB...","level":"info"}
{"message":"Morgan enabled...","level":"info"}
{"message":"Morgan enabled...","level":"info"}
{"message":"Morgan enabled...","level":"info"}
{"message":"Morgan enabled...","level":"info"}
{"message":"Morgan enabled...","level":"info"}
{"message":"Morgan enabled...","level":"info"}
{"message":"Listening to port 3000","level":"info"}
{"message":"Morgan enabled...","level":"info"}
{"message":"Connected to mongodb://localhost/playground...","level":"info"}
{"message":"Morgan enabled...","level":"info"}
{"message":"Morgan enabled...","level":"info"}
{"message":"Listening to port 3000","level":"info"}
{"message":"Morgan enabled...","level":"info"}
{"message":"Morgan enabled...","level":"info"}
{"message":"Listening to port 3000","level":"info"}
{"message":"Morgan enabled...","level":"info"}
{"message":"Listening to port 3000","level":"info"}
{"message":"Connected to mongodb://localhost/playground...","level":"info"}
{"message":"Morgan enabled...","level":"info"}
{"message":"Morgan enabled...","level":"info"}
{"message":"Listening to port 3000","level":"info"}
{"message":"Connected to mongodb://localhost/playground...","level":"info"}
{"message":"Morgan enabled...","level":"info"}
{"message":"Listening to port 3000","level":"info"}
{"message":"Connected to mongodb://localhost/playground...","level":"info"}
{"message":"Listening to port 3000","level":"info"}
{"message":"Connected to mongodb://localhost/playground_test...","level":"info"}
{"message":"Listening to port 3000","level":"info"}
{"message":"Connected to mongodb://localhost/playground_test...","level":"info"}
{"message":"Listening to port 3000","level":"info"}
{"message":"Listening to port 3000","level":"info"}
{"message":"Listening to port 3000","level":"info"}
{"message":"Listening to port 3000","level":"info"}
{"message":"Listening to port 3000","level":"info"}
{"message":"Connected to mongodb://localhost/playground_test","level":"info"}
{"message":"Listening to port 3000","level":"info"}
{"message":"Connected to mongodb://localhost/playground_test","level":"info"}
{"message":"Listening to port 3000","level":"info"}
{"message":"Connected to mongodb://localhost/playground_test","level":"info"}
{"message":"Listening to port 3000","level":"info"}
{"message":"Connected to mongodb://localhost/playground_test","level":"info"}
{"message":"Listening to port 3000","level":"info"}
{"message":"Connected to mongodb://localhost/playground_test","level":"info"}
{"message":"Listening to port 3000","level":"info"}
{"message":"Connected to mongodb://localhost/playground_test","level":"info"}
{"message":"Listening to port 3000","level":"info"}
{"message":"Connected to mongodb://localhost/playground_test","level":"info"}
{"message":"Listening to port 3000","level":"info"}
{"message":"Connected to mongodb://localhost/playground_test","level":"info"}
{"message":"Listening to port 3000","level":"info"}
{"message":"Connected to mongodb://localhost/playground_test","level":"info"}
{"message":"Listening to port 3000","level":"info"}
{"message":"Connected to mongodb://localhost/playground_test","level":"info"}
{"message":"Listening to port 3000","level":"info"}
{"message":"Connected to mongodb://localhost/playground_test","level":"info"}
{"message":"Listening to port 3000","level":"info"}
{"message":"Connected to mongodb://localhost/playground_test","level":"info"}
{"message":"Listening to port 3000","level":"info"}
{"message":"Connected to mongodb://localhost/playground_test","level":"info"}
{"message":"Listening to port 3000","level":"info"}
{"message":"Connected to mongodb://localhost/playground_test","level":"info"}
{"message":"Cast to ObjectId failed for value \"1\" at path \"_id\" for model \"Genre\"Cast to ObjectId failed for value \"1\" at path \"_id\" for model \"Genre\"","name":"CastError","stringValue":"\"1\"","kind":"ObjectId","value":"1","path":"_id","level":"error","stack":"CastError: Cast to ObjectId failed for value \"1\" at path \"_id\" for model \"Genre\"\n    at new CastError (C:\\Users\\alexn\\Projects\\CodeWithMosh\\express-demo\\node_modules\\mongoose\\lib\\error\\cast.js:29:11)\n    at ObjectId.Object.<anonymous>.ObjectId.cast (C:\\Users\\alexn\\Projects\\CodeWithMosh\\express-demo\\node_modules\\mongoose\\lib\\schema\\objectid.js:232:11)\n    at ObjectId.Object.<anonymous>.SchemaType.applySetters (C:\\Users\\alexn\\Projects\\CodeWithMosh\\express-demo\\node_modules\\mongoose\\lib\\schematype.js:845:12)\n    at ObjectId.Object.<anonymous>.SchemaType._castForQuery (C:\\Users\\alexn\\Projects\\CodeWithMosh\\express-demo\\node_modules\\mongoose\\lib\\schematype.js:1248:15)\n    at ObjectId.Object.<anonymous>.SchemaType.castForQuery (C:\\Users\\alexn\\Projects\\CodeWithMosh\\express-demo\\node_modules\\mongoose\\lib\\schematype.js:1238:15)\n    at ObjectId.Object.<anonymous>.SchemaType.castForQueryWrapper (C:\\Users\\alexn\\Projects\\CodeWithMosh\\express-demo\\node_modules\\mongoose\\lib\\schematype.js:1217:15)\n    at cast (C:\\Users\\alexn\\Projects\\CodeWithMosh\\express-demo\\node_modules\\mongoose\\lib\\cast.js:307:32)\n    at model.Query.Object.<anonymous>.Query.cast (C:\\Users\\alexn\\Projects\\CodeWithMosh\\express-demo\\node_modules\\mongoose\\lib\\query.js:4334:12)\n    at model.Query.Object.<anonymous>.Query._castConditions (C:\\Users\\alexn\\Projects\\CodeWithMosh\\express-demo\\node_modules\\mongoose\\lib\\query.js:1722:10)\n    at model.Query.<anonymous> (C:\\Users\\alexn\\Projects\\CodeWithMosh\\express-demo\\node_modules\\mongoose\\lib\\query.js:1975:8)\n    at model.Query._wrappedThunk [as _findOne] (C:\\Users\\alexn\\Projects\\CodeWithMosh\\express-demo\\node_modules\\mongoose\\lib\\helpers\\query\\wrapThunk.js:16:8)\n    at process.nextTick (C:\\Users\\alexn\\Projects\\CodeWithMosh\\express-demo\\node_modules\\kareem\\index.js:369:33)\n    at process._tickCallback (internal/process/next_tick.js:61:11)"}
{"message":"Listening to port 3000","level":"info"}
{"message":"Connected to mongodb://localhost/playground_test","level":"info"}
{"message":"Listening to port 3000","level":"info"}
{"message":"Connected to mongodb://localhost/playground_test","level":"info"}
{"message":"Listening to port 3000","level":"info"}
{"message":"Connected to mongodb://localhost/playground_test","level":"info"}
{"message":"Listening to port 3000","level":"info"}
{"message":"Connected to mongodb://localhost/playground_test","level":"info"}
{"errors":{"name":{"message":"Path `name` (`1234`) is shorter than the minimum allowed length (5).","name":"ValidatorError","properties":{"message":"Path `name` (`1234`) is shorter than the minimum allowed length (5).","type":"minlength","minlength":5,"path":"name","value":"1234"},"kind":"minlength","path":"name","value":"1234"}},"_message":"Genre validation failed","message":"Genre validation failed: name: Path `name` (`1234`) is shorter than the minimum allowed length (5).Genre validation failed: name: Path `name` (`1234`) is shorter than the minimum allowed length (5).","name":"ValidationError","level":"error","stack":"ValidationError: name: Path `name` (`1234`) is shorter than the minimum allowed length (5).\n    at new ValidationError (C:\\Users\\alexn\\Projects\\CodeWithMosh\\express-demo\\node_modules\\mongoose\\lib\\error\\validation.js:30:11)\n    at model.Object.<anonymous>.Document.invalidate (C:\\Users\\alexn\\Projects\\CodeWithMosh\\express-demo\\node_modules\\mongoose\\lib\\document.js:2080:32)\n    at p.doValidate.skipSchemaValidators (C:\\Users\\alexn\\Projects\\CodeWithMosh\\express-demo\\node_modules\\mongoose\\lib\\document.js:1943:17)\n    at C:\\Users\\alexn\\Projects\\CodeWithMosh\\express-demo\\node_modules\\mongoose\\lib\\schematype.js:929:9\n    at process._tickCallback (internal/process/next_tick.js:61:11)"}
{"message":"Listening to port 3000","level":"info"}
{"message":"Connected to mongodb://localhost/playground_test","level":"info"}
{"message":"Listening to port 3000","level":"info"}
{"message":"Connected to mongodb://localhost/playground_test","level":"info"}
{"message":"Listening to port 3000","level":"info"}
{"message":"Connected to mongodb://localhost/playground_test","level":"info"}
{"message":"Listening to port 3000","level":"info"}
{"message":"Connected to mongodb://localhost/playground_test","level":"info"}
{"message":"Listening to port 3000","level":"info"}
{"message":"Connected to mongodb://localhost/playground_test","level":"info"}
{"message":"Listening to port 3000","level":"info"}
{"message":"Connected to mongodb://localhost/playground_test","level":"info"}
{"message":"Listening to port 3000","level":"info"}
{"message":"Connected to mongodb://localhost/playground_test","level":"info"}
{"message":"Listening to port 3000","level":"info"}
{"message":"Connected to mongodb://localhost/playground_test","level":"info"}
{"message":"Listening to port 3000","level":"info"}
{"message":"Connected to mongodb://localhost/playground_test","level":"info"}
{"message":"Listening to port 3000","level":"info"}
{"message":"Connected to mongodb://localhost/playground_test","level":"info"}
{"message":"Listening to port 3000","level":"info"}
{"message":"Connected to mongodb://localhost/playground_test","level":"info"}
{"message":"Listening to port 3000","level":"info"}
{"message":"Connected to mongodb://localhost/playground_test","level":"info"}
{"message":"Listening to port 3000","level":"info"}
{"message":"Connected to mongodb://localhost/playground_test","level":"info"}
{"message":"Listening to port 3000","level":"info"}
{"message":"Connected to mongodb://localhost/playground_test","level":"info"}
{"message":"Listening to port 3000","level":"info"}
{"message":"Connected to mongodb://localhost/playground_test","level":"info"}
{"message":"Listening to port 3000","level":"info"}
{"message":"Connected to mongodb://localhost/playground_test","level":"info"}
{"message":"Listening to port 3000","level":"info"}
{"message":"Connected to mongodb://localhost/playground_test","level":"info"}
{"message":"Listening to port 3000","level":"info"}
{"message":"Listening to port 3000","level":"info"}
{"message":"Connected to mongodb://localhost/playground_test","level":"info"}
{"message":"Connected to mongodb://localhost/playground_test","level":"info"}
{"message":"Listening to port 3000","level":"info"}
{"message":"Listening to port 3000","level":"info"}
{"message":"Connected to mongodb://localhost/playground_test","level":"info"}
{"message":"Connected to mongodb://localhost/playground_test","level":"info"}
{"message":"Listening to port 3000","level":"info"}
{"message":"Connected to mongodb://localhost/playground_test","level":"info"}
{"message":"Listening to port 3000","level":"info"}
{"message":"Connected to mongodb://localhost/playground_test","level":"info"}
{"message":"Listening to port 3000","level":"info"}
{"message":"Connected to mongodb://localhost/playground_test","level":"info"}
{"message":"Listening to port 3000","level":"info"}
{"message":"Listening to port 3000","level":"info"}
{"message":"Connected to mongodb://localhost/playground_test","level":"info"}
{"message":"Connected to mongodb://localhost/playground_test","level":"info"}
{"message":"Listening to port 3000","level":"info"}
{"message":"Connected to mongodb://localhost/playground_test","level":"info"}
{"message":"Listening to port 3000","level":"info"}
{"message":"Connected to mongodb://localhost/playground_test","level":"info"}
{"message":"Listening to port 3000","level":"info"}
{"message":"Listening to port 3000","level":"info"}
{"message":"Connected to mongodb://localhost/playground_test","level":"info"}
{"message":"Connected to mongodb://localhost/playground_test","level":"info"}
{"message":"Listening to port 3000","level":"info"}
{"message":"Listening to port 3000","level":"info"}
{"message":"Connected to mongodb://localhost/playground_test","level":"info"}
{"message":"Connected to mongodb://localhost/playground_test","level":"info"}
{"message":"Listening to port 3000","level":"info"}
{"message":"Listening to port 3000","level":"info"}
{"message":"Connected to mongodb://localhost/playground_test","level":"info"}
{"message":"Connected to mongodb://localhost/playground_test","level":"info"}
{"message":"Listening to port 3000","level":"info"}
{"message":"Connected to mongodb://localhost/playground_test","level":"info"}
{"message":"Listening to port 3000","level":"info"}
{"message":"Listening to port 3000","level":"info"}
{"message":"Connected to mongodb://localhost/playground_test","level":"info"}
{"message":"Connected to mongodb://localhost/playground_test","level":"info"}
{"message":"Listening to port 3000","level":"info"}
{"message":"Listening to port 3000","level":"info"}
{"message":"Connected to mongodb://localhost/playground_test","level":"info"}
{"message":"Connected to mongodb://localhost/playground_test","level":"info"}
{"message":"Listening to port 3000","level":"info"}
{"message":"Listening to port 3000","level":"info"}
{"message":"Connected to mongodb://localhost/playground_test","level":"info"}
{"message":"Connected to mongodb://localhost/playground_test","level":"info"}
{"message":"Listening to port 3000","level":"info"}
{"message":"Listening to port 3000","level":"info"}
{"message":"Connected to mongodb://localhost/playground_test","level":"info"}
{"message":"Connected to mongodb://localhost/playground_test","level":"info"}
{"message":"Listening to port 3000","level":"info"}
{"message":"Listening to port 3000","level":"info"}
{"message":"Connected to mongodb://localhost/playground_test","level":"info"}
{"message":"Connected to mongodb://localhost/playground_test","level":"info"}
{"message":"Listening to port 3000","level":"info"}
{"message":"Listening to port 3000","level":"info"}
{"message":"Connected to mongodb://localhost/playground_test","level":"info"}
{"message":"Connected to mongodb://localhost/playground_test","level":"info"}
{"message":"Listening to port 3000","level":"info"}
{"message":"Connected to mongodb://localhost/playground_test","level":"info"}
{"message":"Listening to port 3000","level":"info"}
{"message":"Connected to mongodb://localhost/playground_test","level":"info"}
{"message":"Listening to port 3000","level":"info"}
{"message":"Listening to port 3000","level":"info"}
{"message":"Connected to mongodb://localhost/playground_test","level":"info"}
{"message":"Connected to mongodb://localhost/playground_test","level":"info"}
{"message":"Listening to port 3000","level":"info"}
{"message":"Listening to port 3000","level":"info"}
{"message":"Connected to mongodb://localhost/playground_test","level":"info"}
{"message":"Connected to mongodb://localhost/playground_test","level":"info"}
{"message":"Listening to port 3000","level":"info"}
{"message":"Listening to port 3000","level":"info"}
{"message":"Connected to mongodb://localhost/playground_test","level":"info"}
{"message":"Connected to mongodb://localhost/playground_test","level":"info"}
{"message":"Listening to port 3000","level":"info"}
{"message":"Connected to mongodb://localhost/playground_test","level":"info"}
{"message":"Listening to port 3000","level":"info"}
{"message":"Connected to mongodb://localhost/playground_test","level":"info"}
{"message":"Listening to port 3000","level":"info"}
{"message":"Connected to mongodb://localhost/playground_test","level":"info"}
{"message":"Listening to port 3000","level":"info"}
{"message":"Connected to mongodb://localhost/playground_test","level":"info"}
{"message":"Listening to port 3000","level":"info"}
{"message":"Connected to mongodb://localhost/playground_test","level":"info"}
{"message":"Listening to port 3000","level":"info"}
{"message":"Connected to mongodb://localhost/playground_test","level":"info"}
{"message":"Listening to port 3000","level":"info"}
{"message":"Connected to mongodb://localhost/playground_test","level":"info"}
{"message":"Listening to port 3000","level":"info"}
{"message":"Connected to mongodb://localhost/playground_test","level":"info"}
{"message":"Listening to port 3000","level":"info"}
{"message":"Connected to mongodb://localhost/playground_test","level":"info"}
{"message":"Listening to port 3000","level":"info"}
{"message":"Connected to mongodb://localhost/playground_test","level":"info"}
{"message":"Listening to port 3000","level":"info"}
{"message":"Connected to mongodb://localhost/playground_test","level":"info"}
{"message":"Listening to port 3000","level":"info"}
{"message":"Connected to mongodb://localhost/playground_test","level":"info"}
{"message":"Listening to port 3000","level":"info"}
{"message":"Connected to mongodb://localhost/playground_test","level":"info"}
{"message":"Listening to port 3000","level":"info"}
{"message":"Connected to mongodb://localhost/playground_test","level":"info"}
{"message":"Listening to port 3000","level":"info"}
{"message":"Connected to mongodb://localhost/playground_test","level":"info"}
{"message":"Listening to port 3000","level":"info"}
{"message":"Connected to mongodb://localhost/playground_test","level":"info"}
{"message":"Listening to port 3000","level":"info"}
{"message":"Connected to mongodb://localhost/playground_test","level":"info"}
{"message":"Listening to port 3000","level":"info"}
{"message":"Connected to mongodb://localhost/playground_test","level":"info"}
{"message":"Listening to port 3000","level":"info"}
{"message":"Connected to mongodb://localhost/playground_test","level":"info"}
{"message":"Listening to port 3000","level":"info"}
{"message":"Connected to mongodb://localhost/playground_test","level":"info"}
{"message":"Listening to port 3000","level":"info"}
{"message":"Connected to mongodb://localhost/playground_test","level":"info"}
{"message":"Listening to port 3000","level":"info"}
{"message":"Connected to mongodb://localhost/playground_test","level":"info"}
{"message":"Listening to port 3000","level":"info"}
{"message":"Connected to mongodb://localhost/playground_test","level":"info"}
{"message":"Listening to port 3000","level":"info"}
{"message":"Connected to mongodb://localhost/playground_test","level":"info"}
{"message":"Listening to port 3000","level":"info"}
{"message":"Connected to mongodb://localhost/playground_test","level":"info"}
{"message":"Listening to port 3000","level":"info"}
{"message":"Connected to mongodb://localhost/playground_test","level":"info"}
{"message":"Listening to port 3000","level":"info"}
{"message":"Connected to mongodb://localhost/playground_test","level":"info"}
{"message":"Listening to port 3000","level":"info"}
{"message":"Connected to mongodb://localhost/playground_test","level":"info"}
{"message":"Listening to port 3000","level":"info"}
{"message":"Connected to mongodb://localhost/playground_test","level":"info"}
{"message":"Listening to port 3000","level":"info"}
{"message":"Connected to mongodb://localhost/playground_test","level":"info"}
{"message":"Listening to port 3000","level":"info"}
{"message":"Connected to mongodb://localhost/playground_test","level":"info"}
{"message":"Listening to port 3000","level":"info"}
{"message":"Connected to mongodb://localhost/playground_test","level":"info"}
{"message":"Listening to port 3000","level":"info"}
{"message":"Connected to mongodb://localhost/playground_test","level":"info"}
{"message":"Listening to port 3000","level":"info"}
{"message":"Connected to mongodb://localhost/playground_test","level":"info"}
